#shore import ver. 0.8unstable (rev. 3254-2108) [Thu Aug 23 12:10:32 2018]
# shore import -v fastq -e Shore -a genomic -x read_data.fq -o ../withSHORE/flowcell
# (host: pc-t7-143, pid: 8854, wd: /srv/netscratch/dep_coupland/grp_schneeberger/bin/bin/grp_github_toolbox/toolbox/Pipelines/SHOREmapping/examples/genome_center)
# -v, --importer=STRING            (=Fastq)
# -e, --exporter=STRING            (=Shore)
# -a, --application=STRING         (=genomic)
# -b, --bustard-folder=STRING      (not set)
# -l, --lanes=INT[,...]            (=1,2,3,4,5,6,7,8)
# -Q, --quality-type=STRING        (=sanger)
# -x, --read1-fastq=STRING[,...]   (=read_data.fq)
# -y, --read2-fastq=STRING[,...]   (not set)
#     --input=STRING[,...]         (not set)
# -F, --F3prefix=STRING            (not set)
# -R, --R3prefix=STRING            (not set)
#     --tags                       (off)
# -o, --flowcell-folder=STRING     (=../withSHORE/flowcell)
# -B, --batch-size=INT             (not set)
#     --no-read-compression        (off)
#     --no-filtered-compression    (off)
#     --rplot                      (off)
#     --nondestructive-trim        (off)
# -L, --lengthdirs                 (off)
# -D, --disable-illumina-filter    (off)
# -n, --max-Ns=INT[%]              (=100%)
# -g, --lowcomplexity              (off)
# -c, --shore-filter               (off)
# -C, --chastity-violation=INT     (=57)
# -V, --quality-violation=INT      (=3)
#     --filter-ranges=STRING[,...] (=12:2,25:5)
# -T, --trim-mode=STRING           (=end)
# -m, --max-length=INT[,...]       (not set)
# -k, --minimal-length=INT[,...]   (not set)
# -q, --quality-cutoff=INT         (=5)
#     --discard-trim-failures      (off)
# -r, --barcodes=STRING            (not set)
# -h, --barcode-mismatches=INT     (=0)
# -w, --barcode-type=STRING        (=5prime_first)
# -d, --adapter-sequence=STRING    (=TCGTATGCCGTC)
# -s, --smallest-sRNA=INT          (not set)
# -t, --largest-sRNA=INT           (not set)
# -p, --permit-missing-adapter     (off)
#     --linker=STRING              (not set)
#     --penalties=INT,INT          (=-4,-1)
# quality type: sanger
# fastq files:
#	read_data.fq
# sorting file ../withSHORE/flowcell/1/single/reads_0.fl (24000 reads)
# sorting file ../withSHORE/flowcell/1/filtered/filtered.txt (0 reads)
# sorting file ../withSHORE/flowcell/1/filtered/truncated_ends.txt (0 reads)
# sorting file ../withSHORE/flowcell/1/filtered/external_filter.txt (0 reads)
# sorting file ../withSHORE/flowcell/1/filtered/truncated_beginnings.txt (0 reads)
# verifying uniqueness of read IDs
#shore import: done [Thu Aug 23 12:10:33 2018]
